0 info it worked if it ends with ok
1 verbose cli [ 'C:\\Program Files\\nodejs\\node.exe',
1 verbose cli   'C:\\Program Files\\nodejs\\node_modules\\npm\\bin\\npm-cli.js',
1 verbose cli   'start' ]
2 info using npm@3.10.10
3 info using node@v6.10.3
4 verbose run-script [ 'prestart', 'start', 'poststart' ]
5 info lifecycle sass-documentation-layout@1.0.0~prestart: sass-documentation-layout@1.0.0
6 silly lifecycle sass-documentation-layout@1.0.0~prestart: no script for prestart, continuing
7 info lifecycle sass-documentation-layout@1.0.0~start: sass-documentation-layout@1.0.0
8 verbose lifecycle sass-documentation-layout@1.0.0~start: unsafe-perm in lifecycle true
9 verbose lifecycle sass-documentation-layout@1.0.0~start: PATH: C:\Program Files\nodejs\node_modules\npm\bin\node-gyp-bin;C:\cao_workspace\sass-documentation-layout\node_modules\.bin;C:\ProgramData\Oracle\Java\javapath;C:\WINDOWS\system32;C:\WINDOWS;C:\WINDOWS\System32\Wbem;C:\WINDOWS\System32\WindowsPowerShell\v1.0\;C:\Tomcat\apache-maven-3.3.9\bin;C:\Tomcat\apache-ant-1.9.7\bin;C:\Program Files\Git\cmd;C:\WINDOWS\system32\config\systemprofile\.dnx\bin;C:\Program Files\Microsoft DNX\Dnvm\;C:\Program Files\Microsoft SQL Server\130\Tools\Binn\;C:\Program Files\PuTTY\;C:\Program Files (x86)\GtkSharp\2.12\bin;C:\Program Files\nodejs\;C:\Program Files\Java\jdk1.8.0_111\bin;C:\Users\300231982\AppData\Local\atom\bin;C:\Program Files (x86)\Microsoft VS Code\bin;C:\Program Files\Heroku\bin;C:\Users\300231982\AppData\Roaming\npm
10 verbose lifecycle sass-documentation-layout@1.0.0~start: CWD: C:\cao_workspace\sass-documentation-layout
11 silly lifecycle sass-documentation-layout@1.0.0~start: Args: [ '/d /s /c', 'npm-run-all -p static-server watch-css' ]
12 silly lifecycle sass-documentation-layout@1.0.0~start: Returned: code: 1  signal: null
13 info lifecycle sass-documentation-layout@1.0.0~start: Failed to exec start script
14 verbose stack Error: sass-documentation-layout@1.0.0 start: `npm-run-all -p static-server watch-css`
14 verbose stack Exit status 1
14 verbose stack     at EventEmitter.<anonymous> (C:\Program Files\nodejs\node_modules\npm\lib\utils\lifecycle.js:255:16)
14 verbose stack     at emitTwo (events.js:106:13)
14 verbose stack     at EventEmitter.emit (events.js:191:7)
14 verbose stack     at ChildProcess.<anonymous> (C:\Program Files\nodejs\node_modules\npm\lib\utils\spawn.js:40:14)
14 verbose stack     at emitTwo (events.js:106:13)
14 verbose stack     at ChildProcess.emit (events.js:191:7)
14 verbose stack     at maybeClose (internal/child_process.js:886:16)
14 verbose stack     at Process.ChildProcess._handle.onexit (internal/child_process.js:226:5)
15 verbose pkgid sass-documentation-layout@1.0.0
16 verbose cwd C:\cao_workspace\sass-documentation-layout
17 error Windows_NT 10.0.10586
18 error argv "C:\\Program Files\\nodejs\\node.exe" "C:\\Program Files\\nodejs\\node_modules\\npm\\bin\\npm-cli.js" "start"
19 error node v6.10.3
20 error npm  v3.10.10
21 error code ELIFECYCLE
22 error sass-documentation-layout@1.0.0 start: `npm-run-all -p static-server watch-css`
22 error Exit status 1
23 error Failed at the sass-documentation-layout@1.0.0 start script 'npm-run-all -p static-server watch-css'.
23 error Make sure you have the latest version of node.js and npm installed.
23 error If you do, this is most likely a problem with the sass-documentation-layout package,
23 error not with npm itself.
23 error Tell the author that this fails on your system:
23 error     npm-run-all -p static-server watch-css
23 error You can get information on how to open an issue for this project with:
23 error     npm bugs sass-documentation-layout
23 error Or if that isn't available, you can get their info via:
23 error     npm owner ls sass-documentation-layout
23 error There is likely additional logging output above.
24 verbose exit [ 1, true ]
